
Showing logs for build [32mcb-kubecd-environment-pr-498-2-cdr8r-1[0m stage [32mfrom-build-pack[0m and container [32mstep-credential-initializer-xz544[0m
{"level":"info","ts":1587386114.2552304,"logger":"fallback-logger","caller":"logging/config.go:69","msg":"Fetch GitHub commit ID from kodata failed: open /var/run/ko/refs/heads/0.8.0-ns-support: no such file or directory"}
{"level":"info","ts":1587386114.256076,"logger":"fallback-logger","caller":"creds-init/main.go:40","msg":"Credentials initialized."}

Showing logs for build [32mcb-kubecd-environment-pr-498-2-cdr8r-1[0m stage [32mfrom-build-pack[0m and container [32mstep-working-dir-initializer-5c7vr[0m
{"level":"info","ts":1587386115.225611,"logger":"fallback-logger","caller":"logging/config.go:69","msg":"Fetch GitHub commit ID from kodata failed: open /var/run/ko/HEAD: no such file or directory"}
{"level":"info","ts":1587386115.2274928,"logger":"fallback-logger","caller":"bash/main.go:64","msg":"Successfully executed command \"sh -c mkdir -p /workspace/source\"; output "}

Showing logs for build [32mcb-kubecd-environment-pr-498-2-cdr8r-1[0m stage [32mfrom-build-pack[0m and container [32mstep-place-tools[0m

Showing logs for build [32mcb-kubecd-environment-pr-498-2-cdr8r-1[0m stage [32mfrom-build-pack[0m and container [32mstep-git-source-cb-kubecd-environment-pr-498-2-cdr8r-6s5qr[0m
{"level":"info","ts":1587386121.3621335,"logger":"fallback-logger","caller":"logging/config.go:69","msg":"Fetch GitHub commit ID from kodata failed: open /var/run/ko/refs/heads/0.8.0-ns-support: no such file or directory"}
{"level":"info","ts":1587386122.4193428,"logger":"fallback-logger","caller":"git/git.go:103","msg":"Successfully cloned https://github.com/cb-kubecd/environment-pr-498-2-bdd-frontend-staging.git @ master in path /workspace/source"}

Showing logs for build [32mcb-kubecd-environment-pr-498-2-cdr8r-1[0m stage [32mfrom-build-pack[0m and container [32mstep-git-merge[0m
Using SHAs from PULL_REFS=master:393b239cf1561ec4b4f493b1715b231d2461bf85,1:01984336200f0fd568d5300e1606ba7fff76f229
DEBUG: JX_LOG_LEVEL=error LC_ALL=C git fetch origin --unshallow 01984336200f0fd568d5300e1606ba7fff76f229: 393b239cf1561ec4b4f493b1715b231d2461bf85:
DEBUG: ran git fetch --unshallow origin 01984336200f0fd568d5300e1606ba7fff76f229: 393b239cf1561ec4b4f493b1715b231d2461bf85: in 
DEBUG: LC_ALL=C JX_LOG_LEVEL=error git branch
DEBUG: LC_ALL=C JX_LOG_LEVEL=error git checkout master
DEBUG: ran git checkout master in 
DEBUG: JX_LOG_LEVEL=error LC_ALL=C git reset --hard 393b239cf1561ec4b4f493b1715b231d2461bf85
DEBUG: ran git reset --hard 393b239cf1561ec4b4f493b1715b231d2461bf85 in 
DEBUG: JX_LOG_LEVEL=error LC_ALL=C git clean -fd .
DEBUG: ran clean --force -d . in 
DEBUG: LC_ALL=C JX_LOG_LEVEL=error git merge 01984336200f0fd568d5300e1606ba7fff76f229
DEBUG: ran git merge 01984336200f0fd568d5300e1606ba7fff76f229 in 
DEBUG: LC_ALL=C JX_LOG_LEVEL=error git log --format=%H%x1f%an%x1f%ae%x1f%cn%x1f%ce%x1f%s%n%b%x1e 393b239cf1561ec4b4f493b1715b231d2461bf85..HEAD
Merged SHA 01984336200f0fd568d5300e1606ba7fff76f229 with commit message 'chore: Promote bdd-nh-1587385097 to version 0.0.1' into base branch master

Showing logs for build [32mcb-kubecd-environment-pr-498-2-cdr8r-1[0m stage [32mfrom-build-pack[0m and container [32mstep-build-helm-build[0m
WARNING: No $CHART_REPOSITORY defined so using the default value of: http://jenkins-x-chartmuseum:8080
Adding missing Helm repo: storage.googleapis.com https://storage.googleapis.com/chartmuseum.jenkins-x.io
WARNING: No secrets found on "helm/repos" due: reading the secret "helm/repos" from vault: no secret "helm/repos" not found in vault
Read credentials for https://storage.googleapis.com/chartmuseum.jenkins-x.io from vault helm/repos
Successfully added Helm repository storage.googleapis.com.
Adding missing Helm repo: jenkins-x-chartmuseum http://jenkins-x-chartmuseum:8080
WARNING: No secrets found on "helm/repos" due: reading the secret "helm/repos" from vault: no secret "helm/repos" not found in vault
Read credentials for http://jenkins-x-chartmuseum:8080 from vault helm/repos
Successfully added Helm repository jenkins-x-chartmuseum.
WARNING: No $CHART_REPOSITORY defined so using the default value of: http://jenkins-x-chartmuseum:8080
Adding missing Helm repo: chartmuseum.jenkins-x.io http://chartmuseum.jenkins-x.io
WARNING: No secrets found on "helm/repos" due: reading the secret "helm/repos" from vault: no secret "helm/repos" not found in vault
Read credentials for http://chartmuseum.jenkins-x.io from vault helm/repos
Successfully added Helm repository chartmuseum.jenkins-x.io.
